   Compiling server v0.1.0 (/Users/jonyardley/Dev/Intrada/server)
warning: associated constant `ALL_FIELDS` is never used
  --> server/src/goals.rs:33:15
   |
31 | impl GoalRow {
   | ------------ associated constant in this implementation
32 |     /// All database columns for type-safe queries
33 |     pub const ALL_FIELDS: &'static str = "id, name, description, status, start_date, target_date, study_ids, tempo_target";
   |               ^^^^^^^^^^
   |
   = note: `#[warn(dead_code)]` on by default

warning: associated constant `ALL_FIELDS` is never used
  --> server/src/sessions.rs:38:15
   |
36 | impl SessionRow {
   | --------------- associated constant in this implementation
37 |     /// All database columns for type-safe queries
38 |     pub const ALL_FIELDS: &'static str = "id, goal_ids, intention, notes, session_state, start_time, end_time, duration_in_seconds";
   |               ^^^^^^^^^^

warning: associated constant `ALL_FIELDS` is never used
  --> server/src/studies.rs:28:15
   |
26 | impl StudyRow {
   | ------------- associated constant in this implementation
27 |     /// All database columns for type-safe queries
28 |     pub const ALL_FIELDS: &'static str = "id, name, description";
   |               ^^^^^^^^^^

warning: `server` (bin "server") generated 3 warnings
    Finished `dev` profile [unoptimized + debuginfo] target(s) in 3.09s
     Running `/Users/jonyardley/Dev/Intrada/target/debug/server`
Server running on http://0.0.0.0:3000
